[2019-02-09T15:43:57.784] [ERROR] cheese - ReferenceError: indexAction is not defined
    at C:\document\frontEnd\京城一灯\note\0204homework_second_week\controllers\IndexController.js:8:13
    at dispatch (C:\document\frontEnd\京城一灯\note\0204homework_second_week\node_modules\_koa-simple-router@0.2.0@koa-simple-router\index.js:186:18)
    at Router._lookup (C:\document\frontEnd\京城一灯\note\0204homework_second_week\node_modules\_koa-simple-router@0.2.0@koa-simple-router\index.js:198:12)
    at C:\document\frontEnd\京城一灯\note\0204homework_second_week\node_modules\_koa-simple-router@0.2.0@koa-simple-router\index.js:138:21
    at dispatch (C:\document\frontEnd\京城一灯\note\0204homework_second_week\node_modules\_koa-compose@4.1.0@koa-compose\index.js:42:32)
    at app.use (C:\document\frontEnd\京城一灯\note\0204homework_second_week\middleware\errorHandler.js:14:19)
    at dispatch (C:\document\frontEnd\京城一灯\note\0204homework_second_week\node_modules\_koa-compose@4.1.0@koa-compose\index.js:42:32)
    at app.use (C:\document\frontEnd\京城一灯\note\0204homework_second_week\middleware\errorHandler.js:5:23)
    at dispatch (C:\document\frontEnd\京城一灯\note\0204homework_second_week\node_modules\_koa-compose@4.1.0@koa-compose\index.js:42:32)
    at serve (C:\document\frontEnd\京城一灯\note\0204homework_second_week\node_modules\_koa-static@5.0.0@koa-static\index.js:53:15)
[2019-02-09T16:30:03.014] [ERROR] cheese - ReferenceError: indexAction is not defined
    at C:\document\frontEnd\京城一灯\note\0204homework_second_week\controllers\IndexController.js:8:13
    at dispatch (C:\document\frontEnd\京城一灯\note\0204homework_second_week\node_modules\_koa-simple-router@0.2.0@koa-simple-router\index.js:186:18)
    at Router._lookup (C:\document\frontEnd\京城一灯\note\0204homework_second_week\node_modules\_koa-simple-router@0.2.0@koa-simple-router\index.js:198:12)
    at C:\document\frontEnd\京城一灯\note\0204homework_second_week\node_modules\_koa-simple-router@0.2.0@koa-simple-router\index.js:138:21
    at dispatch (C:\document\frontEnd\京城一灯\note\0204homework_second_week\node_modules\_koa-compose@4.1.0@koa-compose\index.js:42:32)
    at app.use (C:\document\frontEnd\京城一灯\note\0204homework_second_week\middleware\errorHandler.js:14:19)
    at dispatch (C:\document\frontEnd\京城一灯\note\0204homework_second_week\node_modules\_koa-compose@4.1.0@koa-compose\index.js:42:32)
    at app.use (C:\document\frontEnd\京城一灯\note\0204homework_second_week\middleware\errorHandler.js:5:23)
    at dispatch (C:\document\frontEnd\京城一灯\note\0204homework_second_week\node_modules\_koa-compose@4.1.0@koa-compose\index.js:42:32)
    at serve (C:\document\frontEnd\京城一灯\note\0204homework_second_week\node_modules\_koa-static@5.0.0@koa-static\index.js:53:15)
